2015-12-07 09:36:17.330476 [ERROR] [AbstractCommand.cc:377] CUID#11 - Download aborted. URI=http://dd.bzfxw.com/201512/%E5%BB%BA%E8%AE%BE%E5%B7%A5%E7%A8%8B%E6%8A%80%E6%9C%AF%E4%B8%8E%E8%AE%A1%E9%87%8F%EF%BC%9A%E5%9C%9F%E5%BB%BA%E5%B7%A5%E7%A8%8B%E9%83%A8%E5%88%86%20%E9%99%88%E4%BC%9F%E7%8F%82.rar
Exception: [HttpConnection.cc:145] errorCode=1 Got EOF from the server.
2015-12-07 09:36:44.270606 [ERROR] [AbstractCommand.cc:377] CUID#12 - Download aborted. URI=http://dd.bzfxw.com/201512/%E5%BB%BA%E8%AE%BE%E5%B7%A5%E7%A8%8B%E6%8A%80%E6%9C%AF%E4%B8%8E%E8%AE%A1%E9%87%8F%EF%BC%9A%E5%9C%9F%E5%BB%BA%E5%B7%A5%E7%A8%8B%E9%83%A8%E5%88%86%20%E9%99%88%E4%BC%9F%E7%8F%82.rar
Exception: [HttpConnection.cc:145] errorCode=1 Got EOF from the server.
2015-12-07 10:10:33.268057 [ERROR] [AbstractCommand.cc:377] CUID#11 - Download aborted. URI=http://dd.bzfxw.com/201512/%E5%BB%BA%E8%AE%BE%E5%B7%A5%E7%A8%8B%E6%8A%80%E6%9C%AF%E4%B8%8E%E8%AE%A1%E9%87%8F%EF%BC%9A%E5%9C%9F%E5%BB%BA%E5%B7%A5%E7%A8%8B%E9%83%A8%E5%88%86%20%E9%99%88%E4%BC%9F%E7%8F%82.rar
Exception: [HttpConnection.cc:145] errorCode=1 Got EOF from the server.
2015-12-07 10:12:55.509279 [ERROR] [AbstractCommand.cc:377] CUID#13 - Download aborted. URI=http://dd.bzfxw.com/201512/%E5%BB%BA%E8%AE%BE%E5%B7%A5%E7%A8%8B%E6%8A%80%E6%9C%AF%E4%B8%8E%E8%AE%A1%E9%87%8F%EF%BC%9A%E5%9C%9F%E5%BB%BA%E5%B7%A5%E7%A8%8B%E9%83%A8%E5%88%86%20%E9%99%88%E4%BC%9F%E7%8F%82.rar
Exception: [HttpConnection.cc:145] errorCode=1 Got EOF from the server.
2019-06-08 14:42:38.042025 [ERROR] [AbstractCommand.cc:350] CUID#8 - Download aborted. URI=http://dd.bzfxw.com/201512/%E5%BB%BA%E8%AE%BE%E5%B7%A5%E7%A8%8B%E6%8A%80%E6%9C%AF%E4%B8%8E%E8%AE%A1%E9%87%8F%EF%BC%9A%E5%9C%9F%E5%BB%BA%E5%B7%A5%E7%A8%8B%E9%83%A8%E5%88%86%20%E9%99%88%E4%BC%9F%E7%8F%82.rar
Exception: [AbstractCommand.cc:350] errorCode=19 URI=http://dd.bzfxw.com/201512/%E5%BB%BA%E8%AE%BE%E5%B7%A5%E7%A8%8B%E6%8A%80%E6%9C%AF%E4%B8%8E%E8%AE%A1%E9%87%8F%EF%BC%9A%E5%9C%9F%E5%BB%BA%E5%B7%A5%E7%A8%8B%E9%83%A8%E5%88%86%20%E9%99%88%E4%BC%9F%E7%8F%82.rar
  -> [AbstractCommand.cc:800] errorCode=19 CUID#8 - Name resolution for dd.bzfxw.com failed:Domain name not found
2019-06-08 14:42:39.186978 [ERROR] [AbstractCommand.cc:350] CUID#9 - Download aborted. URI=http://dd.bzfxw.com/201512/%E5%BB%BA%E8%AE%BE%E5%B7%A5%E7%A8%8B%E6%8A%80%E6%9C%AF%E4%B8%8E%E8%AE%A1%E9%87%8F%EF%BC%9A%E5%9C%9F%E5%BB%BA%E5%B7%A5%E7%A8%8B%E9%83%A8%E5%88%86%20%E9%99%88%E4%BC%9F%E7%8F%82.rar
Exception: [AbstractCommand.cc:350] errorCode=19 URI=http://dd.bzfxw.com/201512/%E5%BB%BA%E8%AE%BE%E5%B7%A5%E7%A8%8B%E6%8A%80%E6%9C%AF%E4%B8%8E%E8%AE%A1%E9%87%8F%EF%BC%9A%E5%9C%9F%E5%BB%BA%E5%B7%A5%E7%A8%8B%E9%83%A8%E5%88%86%20%E9%99%88%E4%BC%9F%E7%8F%82.rar
  -> [AbstractCommand.cc:800] errorCode=19 CUID#9 - Name resolution for dd.bzfxw.com failed:Domain name not found
2019-06-08 14:44:37.466260 [ERROR] [AbstractCommand.cc:350] CUID#13 - Download aborted. URI=http://dd.bzfxw.com/201512/%E5%BB%BA%E8%AE%BE%E5%B7%A5%E7%A8%8B%E6%8A%80%E6%9C%AF%E4%B8%8E%E8%AE%A1%E9%87%8F%EF%BC%9A%E5%9C%9F%E5%BB%BA%E5%B7%A5%E7%A8%8B%E9%83%A8%E5%88%86%20%E9%99%88%E4%BC%9F%E7%8F%82.rar
Exception: [AbstractCommand.cc:350] errorCode=19 URI=http://dd.bzfxw.com/201512/%E5%BB%BA%E8%AE%BE%E5%B7%A5%E7%A8%8B%E6%8A%80%E6%9C%AF%E4%B8%8E%E8%AE%A1%E9%87%8F%EF%BC%9A%E5%9C%9F%E5%BB%BA%E5%B7%A5%E7%A8%8B%E9%83%A8%E5%88%86%20%E9%99%88%E4%BC%9F%E7%8F%82.rar
  -> [AbstractCommand.cc:800] errorCode=19 CUID#13 - Name resolution for dd.bzfxw.com failed:Domain name not found
2019-06-08 14:45:03.245840 [ERROR] [DHTSetup.cc:107] Exception caught while loading DHT routing table from C:/Users/10167/.aria2/dht.dat
Exception: [DHTRoutingTableDeserializer.cc:83] errorCode=1 Failed to load DHT routing table from C:/Users/10167/.aria2/dht.dat
2019-06-08 15:16:31.708225 [ERROR] [AbstractCommand.cc:350] CUID#68 - Download aborted. URI=https://pcs.baidu.com/rest/2.0/pcs/file?method=download&app_id=250528&path=%2F%E7%BE%A4%E7%BB%84%2Frbd-794_onekeybatch.mp4
Exception: [AbstractCommand.cc:350] errorCode=22 URI=https://qdall01.baidupcs.com/file/53d8ecd0fce14327fc50583709fb7bbd?bkt=en-c58a217c5b5bf7b27eeed74ce503c15f35aac2f79f77e78f2523879bdcb657e6c69a591250dab680&fid=504130721-250528-14679329781524&time=1559978193&sign=FDTAXGERLQBHSKfWa-DCb740ccc5511e5e8fedcff06b081203-x%2Fm7Rz%2BtBhGHmEJl5Bca%2BfMCJ6A%3D&to=92&size=828313994&sta_dx=828313994&sta_cs=513&sta_ft=mp4&sta_ct=5&sta_mt=1&fm2=MH%2CYangquan%2CAnywhere%2C%2Cbeijing%2Cct&ctime=1550761662&mtime=1559874481&resv0=cdnback&resv1=0&vuk=504130721&iv=-2&htype=&newver=1&newfm=1&secfm=1&flow_ver=3&pkey=en-37f77396f82787f702224dae8470f5d24ee7af06158fbabc4a29d92f383838e9bd18b362d9192b21&sl=80085070&expires=8h&rt=pr&r=885823200&mlogid=3679228029504458951&vbdid=-&fin=rbd-794_onekeybatch.mp4&rtype=1&dp-logid=3679228029504458951&dp-callid=0.1.1&hps=1&tsl=25&csl=78&csign=zseGJ8z2VNwUDtLJJcSUOmJd8io%3D&so=0&ut=8&uter=-1&serv=1&uc=664848032&ti=26fa64dbec288224a5f0dfde29fe7578c8a563255e27a84c305a5e1275657320&by=themis
  -> [HttpSkipResponseCommand.cc:228] errorCode=22 The response status is not successful. status=403
2019-06-10 17:50:23.190371 [ERROR] [AbstractCommand.cc:350] CUID#10 - Download aborted. URI=https://pcs.baidu.com/rest/2.0/pcs/file?method=download&app_id=250528&path=%2F%E7%BE%A4%E7%BB%84%2Frbd-794_onekeybatch.mp4
Exception: [AbstractCommand.cc:350] errorCode=1 URI=https://qdall01.baidupcs.com/file/53d8ecd0fce14327fc50583709fb7bbd?bkt=en-c58a217c5b5bf7b27eeed74ce503c15f35aac2f79f77e78f2523879bdcb657e6c69a591250dab680&fid=504130721-250528-14679329781524&time=1560160222&sign=FDTAXGERLQBHSKfWa-DCb740ccc5511e5e8fedcff06b081203-fRJ3OzM98fZ3k8vPbascPS9Z%2Bus%3D&to=92&size=828313994&sta_dx=828313994&sta_cs=533&sta_ft=mp4&sta_ct=5&sta_mt=2&fm2=MH%2CYangquan%2CAnywhere%2C%2Cbeijing%2Ccmnet&ctime=1550761662&mtime=1559874481&resv0=cdnback&resv1=0&vuk=504130721&iv=-2&htype=&newver=1&newfm=1&secfm=1&flow_ver=3&pkey=en-37f77396f82787f702224dae8470f5d24ee7af06158fbabc4a29d92f383838e9bd18b362d9192b21&sl=80085070&expires=8h&rt=pr&r=662587847&mlogid=3728091262058585439&vbdid=-&fin=rbd-794_onekeybatch.mp4&rtype=1&dp-logid=3728091262058585439&dp-callid=0.1.1&hps=1&tsl=25&csl=78&csign=zseGJ8z2VNwUDtLJJcSUOmJd8io%3D&so=0&ut=8&uter=-1&serv=1&uc=664848032&ti=273bc8e9effab1ba9d7ea68762b8e11a71a6b6dec9883ba3&by=themis
  -> [SocketCore.cc:975] errorCode=1 SSL/TLS handshake failure: Error: 给函数提供的标志无效
(80090308)
2019-06-10 17:58:57.076659 [ERROR] [AbstractCommand.cc:350] CUID#18 - Download aborted. URI=http://soft1.daohang4.com/201809/06/MicrosoftOffice2016.zip
Exception: [AbstractCommand.cc:350] errorCode=5 URI=http://soft1.daohang4.com/201809/06/MicrosoftOffice2016.zip
  -> [DownloadCommand.cc:302] errorCode=5 Too slow Downloading speed: 400 <= 10240(B/s), host:soft1.daohang4.com
2019-06-10 17:59:04.366404 [ERROR] [AbstractCommand.cc:350] CUID#15 - Download aborted. URI=http://soft1.daohang4.com/201809/06/MicrosoftOffice2016.zip
Exception: [AbstractCommand.cc:350] errorCode=5 URI=http://soft1.daohang4.com/201809/06/MicrosoftOffice2016.zip
  -> [DownloadCommand.cc:302] errorCode=5 Too slow Downloading speed: 852 <= 10240(B/s), host:soft1.daohang4.com
2019-06-10 17:59:14.541135 [ERROR] [AbstractCommand.cc:350] CUID#17 - Download aborted. URI=http://soft1.daohang4.com/201809/06/MicrosoftOffice2016.zip
Exception: [AbstractCommand.cc:350] errorCode=5 URI=http://soft1.daohang4.com/201809/06/MicrosoftOffice2016.zip
  -> [DownloadCommand.cc:302] errorCode=5 Too slow Downloading speed: 10212 <= 10240(B/s), host:soft1.daohang4.com
2019-06-10 17:59:21.386632 [ERROR] [AbstractCommand.cc:350] CUID#13 - Download aborted. URI=http://soft1.daohang4.com/201809/06/MicrosoftOffice2016.zip
Exception: [AbstractCommand.cc:350] errorCode=5 URI=http://10.1.14.36/cache/12/02/soft1.daohang4.com/e0ffd086455ad6f21d33b930e6e4db80/MicrosoftOffice2016.zip
  -> [DownloadCommand.cc:302] errorCode=5 Too slow Downloading speed: 4787 <= 10240(B/s), host:10.1.14.36
2019-06-10 18:00:14.784656 [ERROR] [AbstractCommand.cc:350] CUID#13 - Download aborted. URI=http://soft1.daohang4.com/201809/06/MicrosoftOffice2016.zip
Exception: [AbstractCommand.cc:350] errorCode=5 URI=http://soft1.daohang4.com/201809/06/MicrosoftOffice2016.zip
  -> [DownloadCommand.cc:302] errorCode=5 Too slow Downloading speed: 9631 <= 10240(B/s), host:soft1.daohang4.com
2019-06-10 18:00:59.429526 [ERROR] [AbstractCommand.cc:350] CUID#27 - Download aborted. URI=http://soft1.daohang4.com/201809/06/MicrosoftOffice2016.zip
Exception: [AbstractCommand.cc:350] errorCode=5 URI=http://soft1.daohang4.com/201809/06/MicrosoftOffice2016.zip
  -> [DownloadCommand.cc:302] errorCode=5 Too slow Downloading speed: 9860 <= 10240(B/s), host:soft1.daohang4.com
2019-06-10 18:01:04.924233 [ERROR] [AbstractCommand.cc:350] CUID#10 - Download aborted. URI=https://pcs.baidu.com/rest/2.0/pcs/file?method=download&app_id=250528&path=%2F%E7%BE%A4%E7%BB%84%2Frbd-794_onekeybatch.mp4
Exception: [AbstractCommand.cc:350] errorCode=1 URI=https://qdall01.baidupcs.com/file/53d8ecd0fce14327fc50583709fb7bbd?bkt=en-c58a217c5b5bf7b27eeed74ce503c15f35aac2f79f77e78f2523879bdcb657e6c69a591250dab680&fid=504130721-250528-14679329781524&time=1560160864&sign=FDTAXGERLQBHSKfWa-DCb740ccc5511e5e8fedcff06b081203-Hmx13S%2FvQoK86St9wZUYz5AFzDA%3D&to=92&size=828313994&sta_dx=828313994&sta_cs=534&sta_ft=mp4&sta_ct=5&sta_mt=2&fm2=MH%2CYangquan%2CAnywhere%2C%2Cbeijing%2Ccmnet&ctime=1550761662&mtime=1559874481&resv0=cdnback&resv1=0&vuk=504130721&iv=-2&htype=&newver=1&newfm=1&secfm=1&flow_ver=3&pkey=en-37f77396f82787f702224dae8470f5d24ee7af06158fbabc4a29d92f383838e9bd18b362d9192b21&sl=80085070&expires=8h&rt=pr&r=986260859&mlogid=3728263483542194013&vbdid=-&fin=rbd-794_onekeybatch.mp4&rtype=1&dp-logid=3728263483542194013&dp-callid=0.1.1&hps=1&tsl=25&csl=78&csign=zseGJ8z2VNwUDtLJJcSUOmJd8io%3D&so=0&ut=8&uter=-1&serv=1&uc=664848032&ti=b2375bf93e10fe693ef05df9f8ad25ecd93d03b1f49f5489&by=themis
  -> [SocketCore.cc:975] errorCode=1 SSL/TLS handshake failure: Error: 给函数提供的标志无效
(80090308)
2019-06-10 18:01:11.863706 [ERROR] [AbstractCommand.cc:350] CUID#15 - Download aborted. URI=http://soft1.daohang4.com/201809/06/MicrosoftOffice2016.zip
Exception: [AbstractCommand.cc:350] errorCode=5 URI=http://soft1.daohang4.com/201809/06/MicrosoftOffice2016.zip
  -> [DownloadCommand.cc:302] errorCode=5 Too slow Downloading speed: 190 <= 10240(B/s), host:soft1.daohang4.com
2019-06-10 18:01:51.314653 [ERROR] [AbstractCommand.cc:350] CUID#16 - Download aborted. URI=http://soft1.daohang4.com/201809/06/MicrosoftOffice2016.zip
Exception: [AbstractCommand.cc:350] errorCode=5 URI=http://soft1.daohang4.com/201809/06/MicrosoftOffice2016.zip
  -> [DownloadCommand.cc:302] errorCode=5 Too slow Downloading speed: 8421 <= 10240(B/s), host:soft1.daohang4.com
2019-06-10 18:01:55.008831 [ERROR] [AbstractCommand.cc:350] CUID#40 - Download aborted. URI=http://soft1.daohang4.com/201809/06/MicrosoftOffice2016.zip
Exception: [AbstractCommand.cc:350] errorCode=5 URI=http://soft1.daohang4.com/201809/06/MicrosoftOffice2016.zip
  -> [DownloadCommand.cc:302] errorCode=5 Too slow Downloading speed: 391 <= 10240(B/s), host:soft1.daohang4.com
2019-06-10 18:02:49.105591 [ERROR] [AbstractCommand.cc:350] CUID#38 - Download aborted. URI=http://soft1.daohang4.com/201809/06/MicrosoftOffice2016.zip
Exception: [AbstractCommand.cc:350] errorCode=5 URI=http://soft1.daohang4.com/201809/06/MicrosoftOffice2016.zip
  -> [DownloadCommand.cc:302] errorCode=5 Too slow Downloading speed: 294 <= 10240(B/s), host:soft1.daohang4.com
2019-06-10 18:02:53.521257 [ERROR] [AbstractCommand.cc:350] CUID#36 - Download aborted. URI=http://soft1.daohang4.com/201809/06/MicrosoftOffice2016.zip
Exception: [AbstractCommand.cc:350] errorCode=5 URI=http://soft1.daohang4.com/201809/06/MicrosoftOffice2016.zip
  -> [DownloadCommand.cc:302] errorCode=5 Too slow Downloading speed: 1032 <= 10240(B/s), host:soft1.daohang4.com
2019-06-10 18:03:28.591705 [ERROR] [AbstractCommand.cc:350] CUID#12 - Download aborted. URI=http://soft1.daohang4.com/201809/06/MicrosoftOffice2016.zip
Exception: [AbstractCommand.cc:350] errorCode=5 URI=http://soft1.daohang4.com/201809/06/MicrosoftOffice2016.zip
  -> [DownloadCommand.cc:302] errorCode=5 Too slow Downloading speed: 10023 <= 10240(B/s), host:soft1.daohang4.com
2019-06-10 18:04:11.458979 [ERROR] [AbstractCommand.cc:350] CUID#39 - Download aborted. URI=http://soft1.daohang4.com/201809/06/MicrosoftOffice2016.zip
Exception: [AbstractCommand.cc:350] errorCode=5 URI=http://soft1.daohang4.com/201809/06/MicrosoftOffice2016.zip
  -> [DownloadCommand.cc:302] errorCode=5 Too slow Downloading speed: 8441 <= 10240(B/s), host:soft1.daohang4.com
2019-06-10 18:05:17.356478 [ERROR] [AbstractCommand.cc:350] CUID#14 - Download aborted. URI=http://soft1.daohang4.com/201809/06/MicrosoftOffice2016.zip
Exception: [AbstractCommand.cc:350] errorCode=5 URI=http://soft1.daohang4.com/201809/06/MicrosoftOffice2016.zip
  -> [DownloadCommand.cc:302] errorCode=5 Too slow Downloading speed: 8783 <= 10240(B/s), host:soft1.daohang4.com
2019-06-10 18:21:45.602511 [ERROR] [AbstractCommand.cc:350] CUID#14 - Download aborted. URI=http://soft1.daohang4.com/201809/06/MicrosoftOffice2016.zip
Exception: [AbstractCommand.cc:350] errorCode=5 URI=http://soft1.daohang4.com/201809/06/MicrosoftOffice2016.zip
  -> [DownloadCommand.cc:302] errorCode=5 Too slow Downloading speed: 8918 <= 10240(B/s), host:soft1.daohang4.com
2019-06-10 18:22:01.908891 [ERROR] [AbstractCommand.cc:350] CUID#12 - Download aborted. URI=http://soft1.daohang4.com/201809/06/MicrosoftOffice2016.zip
Exception: [AbstractCommand.cc:350] errorCode=5 URI=http://soft1.daohang4.com/201809/06/MicrosoftOffice2016.zip
  -> [DownloadCommand.cc:302] errorCode=5 Too slow Downloading speed: 392 <= 10240(B/s), host:soft1.daohang4.com
2019-06-10 18:22:03.804912 [ERROR] [AbstractCommand.cc:350] CUID#11 - Download aborted. URI=http://soft1.daohang4.com/201809/06/MicrosoftOffice2016.zip
Exception: [AbstractCommand.cc:350] errorCode=5 URI=http://soft1.daohang4.com/201809/06/MicrosoftOffice2016.zip
  -> [DownloadCommand.cc:302] errorCode=5 Too slow Downloading speed: 4965 <= 10240(B/s), host:soft1.daohang4.com
2019-06-10 18:22:11.904251 [ERROR] [AbstractCommand.cc:350] CUID#13 - Download aborted. URI=http://soft1.daohang4.com/201809/06/MicrosoftOffice2016.zip
Exception: [AbstractCommand.cc:350] errorCode=5 URI=http://soft1.daohang4.com/201809/06/MicrosoftOffice2016.zip
  -> [DownloadCommand.cc:302] errorCode=5 Too slow Downloading speed: 5610 <= 10240(B/s), host:soft1.daohang4.com
2019-06-10 18:22:21.604213 [ERROR] [AbstractCommand.cc:350] CUID#12 - Download aborted. URI=http://soft1.daohang4.com/201809/06/MicrosoftOffice2016.zip
Exception: [AbstractCommand.cc:350] errorCode=5 URI=http://soft1.daohang4.com/201809/06/MicrosoftOffice2016.zip
  -> [DownloadCommand.cc:302] errorCode=5 Too slow Downloading speed: 9402 <= 10240(B/s), host:soft1.daohang4.com
2019-06-10 18:22:23.191439 [ERROR] [AbstractCommand.cc:350] CUID#14 - Download aborted. URI=http://soft1.daohang4.com/201809/06/MicrosoftOffice2016.zip
Exception: [AbstractCommand.cc:350] errorCode=5 URI=http://soft1.daohang4.com/201809/06/MicrosoftOffice2016.zip
  -> [DownloadCommand.cc:302] errorCode=5 Too slow Downloading speed: 9915 <= 10240(B/s), host:soft1.daohang4.com
2019-06-10 18:22:44.531830 [ERROR] [AbstractCommand.cc:350] CUID#15 - Download aborted. URI=http://soft1.daohang4.com/201809/06/MicrosoftOffice2016.zip
Exception: [AbstractCommand.cc:350] errorCode=5 URI=http://soft1.daohang4.com/201809/06/MicrosoftOffice2016.zip
  -> [DownloadCommand.cc:302] errorCode=5 Too slow Downloading speed: 3574 <= 10240(B/s), host:soft1.daohang4.com
2019-06-10 18:22:57.162105 [ERROR] [AbstractCommand.cc:350] CUID#15 - Download aborted. URI=http://soft1.daohang4.com/201809/06/MicrosoftOffice2016.zip
Exception: [AbstractCommand.cc:350] errorCode=5 URI=http://soft1.daohang4.com/201809/06/MicrosoftOffice2016.zip
  -> [DownloadCommand.cc:302] errorCode=5 Too slow Downloading speed: 7322 <= 10240(B/s), host:soft1.daohang4.com
2019-06-10 18:24:22.679158 [ERROR] [AbstractCommand.cc:350] CUID#13 - Download aborted. URI=http://soft1.daohang4.com/201809/06/MicrosoftOffice2016.zip
Exception: [AbstractCommand.cc:350] errorCode=5 URI=http://soft1.daohang4.com/201809/06/MicrosoftOffice2016.zip
  -> [DownloadCommand.cc:302] errorCode=5 Too slow Downloading speed: 7642 <= 10240(B/s), host:soft1.daohang4.com
2019-06-10 18:26:15.344481 [ERROR] [AbstractCommand.cc:350] CUID#14 - Download aborted. URI=http://soft1.daohang4.com/201809/06/MicrosoftOffice2016.zip
Exception: [AbstractCommand.cc:350] errorCode=5 URI=http://soft1.daohang4.com/201809/06/MicrosoftOffice2016.zip
  -> [DownloadCommand.cc:302] errorCode=5 Too slow Downloading speed: 392 <= 10240(B/s), host:soft1.daohang4.com
2019-06-10 18:26:30.217590 [ERROR] [AbstractCommand.cc:350] CUID#15 - Download aborted. URI=http://soft1.daohang4.com/201809/06/MicrosoftOffice2016.zip
Exception: [AbstractCommand.cc:350] errorCode=5 URI=http://soft1.daohang4.com/201809/06/MicrosoftOffice2016.zip
  -> [DownloadCommand.cc:302] errorCode=5 Too slow Downloading speed: 8675 <= 10240(B/s), host:soft1.daohang4.com
2019-06-10 18:26:44.455249 [ERROR] [AbstractCommand.cc:350] CUID#11 - Download aborted. URI=http://soft1.daohang4.com/201809/06/MicrosoftOffice2016.zip
Exception: [AbstractCommand.cc:350] errorCode=5 URI=http://soft1.daohang4.com/201809/06/MicrosoftOffice2016.zip
  -> [DownloadCommand.cc:302] errorCode=5 Too slow Downloading speed: 9847 <= 10240(B/s), host:soft1.daohang4.com
2019-06-10 18:26:48.812685 [ERROR] [AbstractCommand.cc:350] CUID#15 - Download aborted. URI=http://soft1.daohang4.com/201809/06/MicrosoftOffice2016.zip
Exception: [AbstractCommand.cc:350] errorCode=5 URI=http://soft1.daohang4.com/201809/06/MicrosoftOffice2016.zip
  -> [DownloadCommand.cc:302] errorCode=5 Too slow Downloading speed: 2002 <= 10240(B/s), host:soft1.daohang4.com
2019-06-10 18:26:54.155707 [ERROR] [AbstractCommand.cc:350] CUID#29 - Download aborted. URI=http://soft1.daohang4.com/201809/06/MicrosoftOffice2016.zip
Exception: [AbstractCommand.cc:350] errorCode=5 URI=http://soft1.daohang4.com/201809/06/MicrosoftOffice2016.zip
  -> [DownloadCommand.cc:302] errorCode=5 Too slow Downloading speed: 9559 <= 10240(B/s), host:soft1.daohang4.com
2019-06-10 18:27:02.102775 [ERROR] [AbstractCommand.cc:350] CUID#14 - Download aborted. URI=http://soft1.daohang4.com/201809/06/MicrosoftOffice2016.zip
Exception: [AbstractCommand.cc:350] errorCode=5 URI=http://soft1.daohang4.com/201809/06/MicrosoftOffice2016.zip
  -> [DownloadCommand.cc:302] errorCode=5 Too slow Downloading speed: 5591 <= 10240(B/s), host:soft1.daohang4.com
2019-06-10 18:27:04.112407 [ERROR] [AbstractCommand.cc:350] CUID#31 - Download aborted. URI=http://soft1.daohang4.com/201809/06/MicrosoftOffice2016.zip
Exception: [AbstractCommand.cc:350] errorCode=5 URI=http://soft1.daohang4.com/201809/06/MicrosoftOffice2016.zip
  -> [DownloadCommand.cc:302] errorCode=5 Too slow Downloading speed: 10209 <= 10240(B/s), host:soft1.daohang4.com
2019-06-10 18:27:04.463662 [ERROR] [AbstractCommand.cc:350] CUID#12 - Download aborted. URI=http://soft1.daohang4.com/201809/06/MicrosoftOffice2016.zip
Exception: [AbstractCommand.cc:350] errorCode=5 URI=http://soft1.daohang4.com/201809/06/MicrosoftOffice2016.zip
  -> [DownloadCommand.cc:302] errorCode=5 Too slow Downloading speed: 9711 <= 10240(B/s), host:soft1.daohang4.com
2019-06-10 18:27:06.006587 [ERROR] [AbstractCommand.cc:350] CUID#13 - Download aborted. URI=http://soft1.daohang4.com/201809/06/MicrosoftOffice2016.zip
Exception: [AbstractCommand.cc:350] errorCode=5 URI=http://soft1.daohang4.com/201809/06/MicrosoftOffice2016.zip
  -> [DownloadCommand.cc:302] errorCode=5 Too slow Downloading speed: 1201 <= 10240(B/s), host:soft1.daohang4.com
2019-06-10 18:27:07.578048 [ERROR] [AbstractCommand.cc:350] CUID#13 - Download aborted. URI=http://soft1.daohang4.com/201809/06/MicrosoftOffice2016.zip
Exception: [AbstractCommand.cc:350] errorCode=5 URI=http://soft1.daohang4.com/201809/06/MicrosoftOffice2016.zip
  -> [DownloadCommand.cc:302] errorCode=5 Too slow Downloading speed: 9221 <= 10240(B/s), host:soft1.daohang4.com
2019-06-10 18:27:15.406902 [ERROR] [AbstractCommand.cc:350] CUID#30 - Download aborted. URI=http://soft1.daohang4.com/201809/06/MicrosoftOffice2016.zip
Exception: [AbstractCommand.cc:350] errorCode=5 URI=http://soft1.daohang4.com/201809/06/MicrosoftOffice2016.zip
  -> [DownloadCommand.cc:302] errorCode=5 Too slow Downloading speed: 2593 <= 10240(B/s), host:soft1.daohang4.com
2019-06-10 18:27:17.307198 [ERROR] [AbstractCommand.cc:350] CUID#12 - Download aborted. URI=http://soft1.daohang4.com/201809/06/MicrosoftOffice2016.zip
Exception: [AbstractCommand.cc:350] errorCode=5 URI=http://soft1.daohang4.com/201809/06/MicrosoftOffice2016.zip
  -> [DownloadCommand.cc:302] errorCode=5 Too slow Downloading speed: 5678 <= 10240(B/s), host:soft1.daohang4.com
2019-06-10 18:28:05.004334 [ERROR] [AbstractCommand.cc:350] CUID#32 - Download aborted. URI=http://soft1.daohang4.com/201809/06/MicrosoftOffice2016.zip
Exception: [AbstractCommand.cc:350] errorCode=5 URI=http://soft1.daohang4.com/201809/06/MicrosoftOffice2016.zip
  -> [DownloadCommand.cc:302] errorCode=5 Too slow Downloading speed: 6647 <= 10240(B/s), host:soft1.daohang4.com
2019-06-10 18:28:05.954124 [ERROR] [AbstractCommand.cc:350] CUID#33 - Download aborted. URI=http://soft1.daohang4.com/201809/06/MicrosoftOffice2016.zip
Exception: [AbstractCommand.cc:350] errorCode=5 URI=http://soft1.daohang4.com/201809/06/MicrosoftOffice2016.zip
  -> [DownloadCommand.cc:302] errorCode=5 Too slow Downloading speed: 7827 <= 10240(B/s), host:soft1.daohang4.com
2019-06-10 18:28:21.054964 [ERROR] [AbstractCommand.cc:350] CUID#45 - Download aborted. URI=http://soft1.daohang4.com/201809/06/MicrosoftOffice2016.zip
Exception: [AbstractCommand.cc:350] errorCode=5 URI=http://soft1.daohang4.com/201809/06/MicrosoftOffice2016.zip
  -> [DownloadCommand.cc:302] errorCode=5 Too slow Downloading speed: 1167 <= 10240(B/s), host:soft1.daohang4.com
2019-06-10 18:28:24.433310 [ERROR] [AbstractCommand.cc:350] CUID#42 - Download aborted. URI=http://soft1.daohang4.com/201809/06/MicrosoftOffice2016.zip
Exception: [AbstractCommand.cc:350] errorCode=5 URI=http://soft1.daohang4.com/201809/06/MicrosoftOffice2016.zip
  -> [DownloadCommand.cc:302] errorCode=5 Too slow Downloading speed: 9308 <= 10240(B/s), host:soft1.daohang4.com
2019-06-10 18:28:28.389450 [ERROR] [AbstractCommand.cc:350] CUID#41 - Download aborted. URI=http://soft1.daohang4.com/201809/06/MicrosoftOffice2016.zip
Exception: [AbstractCommand.cc:350] errorCode=5 URI=http://soft1.daohang4.com/201809/06/MicrosoftOffice2016.zip
  -> [DownloadCommand.cc:302] errorCode=5 Too slow Downloading speed: 8515 <= 10240(B/s), host:soft1.daohang4.com
2019-06-10 18:28:39.809559 [ERROR] [AbstractCommand.cc:350] CUID#44 - Download aborted. URI=http://soft1.daohang4.com/201809/06/MicrosoftOffice2016.zip
Exception: [AbstractCommand.cc:350] errorCode=5 URI=http://soft1.daohang4.com/201809/06/MicrosoftOffice2016.zip
  -> [DownloadCommand.cc:302] errorCode=5 Too slow Downloading speed: 6422 <= 10240(B/s), host:soft1.daohang4.com
2019-06-10 18:29:05.879431 [ERROR] [AbstractCommand.cc:350] CUID#43 - Download aborted. URI=http://soft1.daohang4.com/201809/06/MicrosoftOffice2016.zip
Exception: [AbstractCommand.cc:350] errorCode=5 URI=http://soft1.daohang4.com/201809/06/MicrosoftOffice2016.zip
  -> [DownloadCommand.cc:302] errorCode=5 Too slow Downloading speed: 5764 <= 10240(B/s), host:soft1.daohang4.com
2019-06-10 18:29:32.548158 [ERROR] [AbstractCommand.cc:350] CUID#56 - Download aborted. URI=http://soft1.daohang4.com/201809/06/MicrosoftOffice2016.zip
Exception: [AbstractCommand.cc:350] errorCode=5 URI=http://soft1.daohang4.com/201809/06/MicrosoftOffice2016.zip
  -> [DownloadCommand.cc:302] errorCode=5 Too slow Downloading speed: 718 <= 10240(B/s), host:soft1.daohang4.com
2019-06-10 18:29:44.653873 [ERROR] [AbstractCommand.cc:350] CUID#53 - Download aborted. URI=http://soft1.daohang4.com/201809/06/MicrosoftOffice2016.zip
Exception: [AbstractCommand.cc:350] errorCode=5 URI=http://soft1.daohang4.com/201809/06/MicrosoftOffice2016.zip
  -> [DownloadCommand.cc:302] errorCode=5 Too slow Downloading speed: 9632 <= 10240(B/s), host:soft1.daohang4.com
2019-06-10 18:30:05.624033 [ERROR] [AbstractCommand.cc:350] CUID#57 - Download aborted. URI=http://soft1.daohang4.com/201809/06/MicrosoftOffice2016.zip
Exception: [AbstractCommand.cc:350] errorCode=5 URI=http://soft1.daohang4.com/201809/06/MicrosoftOffice2016.zip
  -> [DownloadCommand.cc:302] errorCode=5 Too slow Downloading speed: 9678 <= 10240(B/s), host:soft1.daohang4.com
2019-06-10 18:30:31.478649 [ERROR] [AbstractCommand.cc:350] CUID#63 - Download aborted. URI=http://soft1.daohang4.com/201809/06/MicrosoftOffice2016.zip
Exception: [AbstractCommand.cc:350] errorCode=5 URI=http://soft1.daohang4.com/201809/06/MicrosoftOffice2016.zip
  -> [DownloadCommand.cc:302] errorCode=5 Too slow Downloading speed: 6117 <= 10240(B/s), host:soft1.daohang4.com
2019-06-10 18:32:02.383208 [ERROR] [AbstractCommand.cc:350] CUID#62 - Download aborted. URI=http://soft1.daohang4.com/201809/06/MicrosoftOffice2016.zip
Exception: [AbstractCommand.cc:350] errorCode=5 URI=http://soft1.daohang4.com/201809/06/MicrosoftOffice2016.zip
  -> [DownloadCommand.cc:302] errorCode=5 Too slow Downloading speed: 7803 <= 10240(B/s), host:soft1.daohang4.com
2019-06-10 18:32:21.683665 [ERROR] [AbstractCommand.cc:350] CUID#74 - Download aborted. URI=http://soft1.daohang4.com/201809/06/MicrosoftOffice2016.zip
Exception: [AbstractCommand.cc:350] errorCode=5 URI=http://soft1.daohang4.com/201809/06/MicrosoftOffice2016.zip
  -> [DownloadCommand.cc:302] errorCode=5 Too slow Downloading speed: 9616 <= 10240(B/s), host:soft1.daohang4.com
2019-06-10 18:32:23.716274 [ERROR] [AbstractCommand.cc:350] CUID#72 - Download aborted. URI=http://soft1.daohang4.com/201809/06/MicrosoftOffice2016.zip
Exception: [AbstractCommand.cc:350] errorCode=5 URI=http://soft1.daohang4.com/201809/06/MicrosoftOffice2016.zip
  -> [DownloadCommand.cc:302] errorCode=5 Too slow Downloading speed: 9557 <= 10240(B/s), host:soft1.daohang4.com
2019-06-10 18:36:35.615302 [ERROR] [AbstractCommand.cc:350] CUID#11 - Download aborted. URI=http://soft1.daohang4.com/201809/06/MicrosoftOffice2016.zip
Exception: [AbstractCommand.cc:350] errorCode=5 URI=http://soft1.daohang4.com/201809/06/MicrosoftOffice2016.zip
  -> [DownloadCommand.cc:302] errorCode=5 Too slow Downloading speed: 357 <= 10240(B/s), host:soft1.daohang4.com
2019-06-10 18:36:41.240678 [ERROR] [AbstractCommand.cc:350] CUID#13 - Download aborted. URI=http://soft1.daohang4.com/201809/06/MicrosoftOffice2016.zip
Exception: [AbstractCommand.cc:350] errorCode=5 URI=http://soft1.daohang4.com/201809/06/MicrosoftOffice2016.zip
  -> [DownloadCommand.cc:302] errorCode=5 Too slow Downloading speed: 196 <= 10240(B/s), host:soft1.daohang4.com
2019-06-10 18:36:46.612056 [ERROR] [AbstractCommand.cc:350] CUID#12 - Download aborted. URI=http://soft1.daohang4.com/201809/06/MicrosoftOffice2016.zip
Exception: [AbstractCommand.cc:350] errorCode=5 URI=http://soft1.daohang4.com/201809/06/MicrosoftOffice2016.zip
  -> [DownloadCommand.cc:302] errorCode=5 Too slow Downloading speed: 393 <= 10240(B/s), host:soft1.daohang4.com
2019-06-10 18:36:47.535946 [ERROR] [AbstractCommand.cc:350] CUID#15 - Download aborted. URI=http://soft1.daohang4.com/201809/06/MicrosoftOffice2016.zip
Exception: [AbstractCommand.cc:350] errorCode=5 URI=http://soft1.daohang4.com/201809/06/MicrosoftOffice2016.zip
  -> [DownloadCommand.cc:302] errorCode=5 Too slow Downloading speed: 521 <= 10240(B/s), host:soft1.daohang4.com
2019-06-10 18:36:51.746301 [ERROR] [AbstractCommand.cc:350] CUID#14 - Download aborted. URI=http://soft1.daohang4.com/201809/06/MicrosoftOffice2016.zip
Exception: [AbstractCommand.cc:350] errorCode=5 URI=http://soft1.daohang4.com/201809/06/MicrosoftOffice2016.zip
  -> [DownloadCommand.cc:302] errorCode=5 Too slow Downloading speed: 1419 <= 10240(B/s), host:soft1.daohang4.com
2019-06-14 22:51:36.916861 [ERROR] [AbstractCommand.cc:350] CUID#72 - Download aborted. URI=http://denis.stalker.h3q.com:6969/announce?info_hash=D%98%90%0E%7EE%DEK%87%BF%7C%11%21%98%91%E6bs%D4%0B&peer_id=A2%2D1%2D19%2D0%2Dq%DBh%0B%90%24%06%B3%A9%E1&uploaded=0&downloaded=0&left=5555355665&compact=1&key=h%0B%90%24%06%B3%A9%E1&numwant=50&no_peer_id=1&port=6908&event=started&supportcrypto=1
Exception: [AbstractCommand.cc:350] errorCode=19 URI=http://denis.stalker.h3q.com:6969/announce?info_hash=D%98%90%0E%7EE%DEK%87%BF%7C%11%21%98%91%E6bs%D4%0B&peer_id=A2%2D1%2D19%2D0%2Dq%DBh%0B%90%24%06%B3%A9%E1&uploaded=0&downloaded=0&left=5555355665&compact=1&key=h%0B%90%24%06%B3%A9%E1&numwant=50&no_peer_id=1&port=6908&event=started&supportcrypto=1
  -> [AbstractCommand.cc:800] errorCode=19 CUID#72 - Name resolution for denis.stalker.h3q.com failed:Domain name not found
2019-06-14 22:53:39.958881 [ERROR] [AbstractCommand.cc:377] CUID#73 - Download aborted. URI=http://tracker.publicbt.com/announce?info_hash=D%98%90%0E%7EE%DEK%87%BF%7C%11%21%98%91%E6bs%D4%0B&peer_id=A2%2D1%2D19%2D0%2Dq%DBh%0B%90%24%06%B3%A9%E1&uploaded=0&downloaded=0&left=5555355665&compact=1&key=h%0B%90%24%06%B3%A9%E1&numwant=50&no_peer_id=1&port=6908&event=started&supportcrypto=1
Exception: [AbstractCommand.cc:339] errorCode=2 Timeout.
2019-06-14 22:54:09.208590 [ERROR] [AbstractCommand.cc:377] CUID#84 - Download aborted. URI=http://open.nyaatorrents.info:6544/announce?info_hash=%28%D8%5DM%C8%05P%CE%FF%BD%F2Y%BDS%D84%2FI%C8%84&peer_id=A2%2D1%2D19%2D0%2Dq%DBh%0B%90%24%06%B3%A9%E1&uploaded=0&downloaded=0&left=5566893625&compact=1&key=h%0B%90%24%06%B3%A9%E1&numwant=50&no_peer_id=1&port=6908&event=started&supportcrypto=1
Exception: [AbstractCommand.cc:339] errorCode=2 Timeout.
2019-06-14 22:59:49.993468 [ERROR] [AbstractCommand.cc:377] CUID#99 - Download aborted. URI=http://open.nyaatorrents.info:6544/announce?info_hash=%A0%EFH%16%06%17%24%A2%0F%FF%22%2D%83%02q%F5%F2%A9T%29&peer_id=A2%2D1%2D19%2D0%2Dq%DBh%0B%90%24%06%B3%A9%E1&uploaded=0&downloaded=0&left=3504434767&compact=1&key=h%0B%90%24%06%B3%A9%E1&numwant=50&no_peer_id=1&port=6908&event=started&supportcrypto=1
Exception: [AbstractCommand.cc:339] errorCode=2 Timeout.
2019-06-14 23:07:46.924664 [ERROR] [AbstractCommand.cc:377] CUID#113 - Download aborted. URI=http://open.nyaatorrents.info:6544/announce?info_hash=%A0%EFH%16%06%17%24%A2%0F%FF%22%2D%83%02q%F5%F2%A9T%29&peer_id=A2%2D1%2D19%2D0%2Dq%DBh%0B%90%24%06%B3%A9%E1&uploaded=0&downloaded=0&left=3504434767&compact=1&key=h%0B%90%24%06%B3%A9%E1&numwant=50&no_peer_id=1&port=6908&event=started&supportcrypto=1
Exception: [AbstractCommand.cc:339] errorCode=2 Timeout.
2019-06-14 23:15:42.148579 [ERROR] [AbstractCommand.cc:377] CUID#125 - Download aborted. URI=http://open.nyaatorrents.info:6544/announce?info_hash=%A0%EFH%16%06%17%24%A2%0F%FF%22%2D%83%02q%F5%F2%A9T%29&peer_id=A2%2D1%2D19%2D0%2Dq%DBh%0B%90%24%06%B3%A9%E1&uploaded=0&downloaded=0&left=3504434767&compact=1&key=h%0B%90%24%06%B3%A9%E1&numwant=50&no_peer_id=1&port=6908&event=started&supportcrypto=1
Exception: [AbstractCommand.cc:339] errorCode=2 Timeout.
2019-06-14 23:17:06.923714 [ERROR] [AbstractCommand.cc:377] CUID#138 - Download aborted. URI=http://open.nyaatorrents.info:6544/announce?info_hash=G%C2%95hH%10%FEF%EF%F9%1BWUR%2D%AC%C2%CCt%00&peer_id=A2%2D1%2D19%2D0%2Dq%DBh%0B%90%24%06%B3%A9%E1&uploaded=0&downloaded=0&left=2926933435&compact=1&key=h%0B%90%24%06%B3%A9%E1&numwant=50&no_peer_id=1&port=6908&event=started&supportcrypto=1
Exception: [AbstractCommand.cc:339] errorCode=2 Timeout.
2019-06-16 10:34:50.354395 [ERROR] [download_helper.cc:419] Unrecognized URI or unsupported protocol: D:/Downloads//a5a3e248cde503ae45fefd51e77ae74ddf841b20.torrent
2019-06-16 10:34:50.371954 [ERROR] [download_helper.cc:419] Unrecognized URI or unsupported protocol: D:/Downloads//e982ad2b293ae9be5ec505a03887a569e6755db0.torrent
2019-06-16 10:34:50.372930 [ERROR] [download_helper.cc:419] Unrecognized URI or unsupported protocol: D:/Downloads//6e530090d5de1142f56f3c72392376c8ef1d34a6.torrent
2019-06-16 10:34:50.372930 [ERROR] [download_helper.cc:419] Unrecognized URI or unsupported protocol: D:/Downloads//49561c2769c90b8f369899e9bab83605e9d70c52.torrent
2019-06-16 10:34:50.373906 [ERROR] [download_helper.cc:419] Unrecognized URI or unsupported protocol: D:/Downloads//49ba3fa6bb03b3e4abc0a49d49264f1ced450913.torrent
2019-06-16 10:35:10.724657 [ERROR] [AbstractCommand.cc:350] CUID#37 - Download aborted. URI=https://d.pcs.baidu.com/file/b292e35164804734a4d9a27522ec3910?fid=2419679574-250528-1103252882688518&dstime=1560652497&rt=sh&sign=FDtAERVY-DCb740ccc5511e5e8fedcff06b081203-XGZO9FwP13mozemIysC2nvDbZNc%3D&expires=8h&chkv=1&chkbd=0&chkpc=et&dp-logid=3860235441593776785&dp-callid=0&shareid=17929594&r=193576943
Exception: [AbstractCommand.cc:350] errorCode=5 URI=http://qdct01.baidupcs.com/file/b292e35164804734a4d9a27522ec3910?bkt=en-d3a65691252603d394a84f7837720a8619c60e81bec2643e22207daef2a780174d5775e488b16f93&fid=2419679574-250528-1103252882688518&time=1560652499&sign=FDTAXGERLQBHSKfW-DCb740ccc5511e5e8fedcff06b081203-vFKVXF96TYqXReC9qO4IZzIQZIY%3D&to=32&size=4395252&sta_dx=4395252&sta_cs=3&sta_ft=apk&sta_ct=7&sta_mt=7&fm2=MH%2CYangquan%2CAnywhere%2C%2Cbeijing%2Cct&ctime=1407900079&mtime=1424138785&resv0=cdnback&resv1=0&vuk=504130721&iv=0&htype=&newver=1&newfm=1&secfm=1&flow_ver=3&pkey=en-98044f3c7a0f9e72dfecff98cf891f45a9062c571687c955e60b4e6aa6701226bfe94cd60c9b1b1f&sl=81068110&expires=8h&rt=sh&r=193576943&vbdid=-&fin=%E5%AE%89%E5%8D%93%E7%97%85%E6%AF%92%E5%90%88%E9%9B%86.apk&rtype=1&dp-logid=3860235441593776785&dp-callid=0.1&tsl=10&csl=76&csign=b0DCqqyxXIIpRAdaUMInmCxEAkI%3D&so=1&ut=6&uter=-1&serv=0&uc=2923846618&ti=4096348b390ec7feab65c9e3858351290bb87d152d3abd64&by=themis
  -> [DownloadCommand.cc:302] errorCode=5 Too slow Downloading speed: 10141 <= 10240(B/s), host:qdct01.baidupcs.com
2019-06-16 10:35:10.767876 [ERROR] [AbstractCommand.cc:350] CUID#36 - Download aborted. URI=https://d.pcs.baidu.com/file/b292e35164804734a4d9a27522ec3910?fid=2419679574-250528-1103252882688518&dstime=1560652497&rt=sh&sign=FDtAERVY-DCb740ccc5511e5e8fedcff06b081203-XGZO9FwP13mozemIysC2nvDbZNc%3D&expires=8h&chkv=1&chkbd=0&chkpc=et&dp-logid=3860235441593776785&dp-callid=0&shareid=17929594&r=193576943
Exception: [AbstractCommand.cc:350] errorCode=5 URI=http://qdct01.baidupcs.com/file/b292e35164804734a4d9a27522ec3910?bkt=en-d3a65691252603d394a84f7837720a8619c60e81bec2643e22207daef2a780174d5775e488b16f93&fid=2419679574-250528-1103252882688518&time=1560652499&sign=FDTAXGERLQBHSKfW-DCb740ccc5511e5e8fedcff06b081203-vFKVXF96TYqXReC9qO4IZzIQZIY%3D&to=32&size=4395252&sta_dx=4395252&sta_cs=3&sta_ft=apk&sta_ct=7&sta_mt=7&fm2=MH%2CYangquan%2CAnywhere%2C%2Cbeijing%2Cct&ctime=1407900079&mtime=1424138785&resv0=cdnback&resv1=0&vuk=504130721&iv=0&htype=&newver=1&newfm=1&secfm=1&flow_ver=3&pkey=en-98044f3c7a0f9e72dfecff98cf891f45a9062c571687c955e60b4e6aa6701226bfe94cd60c9b1b1f&sl=81068110&expires=8h&rt=sh&r=193576943&vbdid=-&fin=%E5%AE%89%E5%8D%93%E7%97%85%E6%AF%92%E5%90%88%E9%9B%86.apk&rtype=1&dp-logid=3860235441593776785&dp-callid=0.1&tsl=10&csl=76&csign=b0DCqqyxXIIpRAdaUMInmCxEAkI%3D&so=1&ut=6&uter=-1&serv=0&uc=2923846618&ti=548236dbf16cf8fa35c9cc35d640b46d68abd575faf18260&by=themis
  -> [DownloadCommand.cc:302] errorCode=5 Too slow Downloading speed: 10143 <= 10240(B/s), host:qdct01.baidupcs.com
2019-06-16 10:35:15.254127 [ERROR] [AbstractCommand.cc:350] CUID#33 - Download aborted. URI=https://d.pcs.baidu.com/file/b292e35164804734a4d9a27522ec3910?fid=2419679574-250528-1103252882688518&dstime=1560652497&rt=sh&sign=FDtAERVY-DCb740ccc5511e5e8fedcff06b081203-XGZO9FwP13mozemIysC2nvDbZNc%3D&expires=8h&chkv=1&chkbd=0&chkpc=et&dp-logid=3860235441593776785&dp-callid=0&shareid=17929594&r=193576943
Exception: [AbstractCommand.cc:350] errorCode=5 URI=http://qdct01.baidupcs.com/file/b292e35164804734a4d9a27522ec3910?bkt=en-d3a65691252603d394a84f7837720a8619c60e81bec2643e22207daef2a780174d5775e488b16f93&fid=2419679574-250528-1103252882688518&time=1560652498&sign=FDTAXGERLQBHSKfW-DCb740ccc5511e5e8fedcff06b081203-hAQYIC6rvR4PlY5TUwf6m0maCQY%3D&to=32&size=4395252&sta_dx=4395252&sta_cs=2&sta_ft=apk&sta_ct=7&sta_mt=7&fm2=MH%2CYangquan%2CAnywhere%2C%2Cbeijing%2Cct&ctime=1407900079&mtime=1424138785&resv0=cdnback&resv1=0&vuk=504130721&iv=0&htype=&newver=1&newfm=1&secfm=1&flow_ver=3&pkey=en-98044f3c7a0f9e72dfecff98cf891f45a9062c571687c955e60b4e6aa6701226bfe94cd60c9b1b1f&sl=81068110&expires=8h&rt=sh&r=193576943&vbdid=-&fin=%E5%AE%89%E5%8D%93%E7%97%85%E6%AF%92%E5%90%88%E9%9B%86.apk&rtype=1&dp-logid=3860235441593776785&dp-callid=0.1&tsl=10&csl=76&csign=b0DCqqyxXIIpRAdaUMInmCxEAkI%3D&so=1&ut=6&uter=-1&serv=0&uc=2923846618&ti=648eaef5c3fa81d13a89983f2043c0819442019607be2e91&by=themis
  -> [DownloadCommand.cc:302] errorCode=5 Too slow Downloading speed: 10129 <= 10240(B/s), host:qdct01.baidupcs.com
2019-06-16 10:36:00.337432 [ERROR] [AbstractCommand.cc:350] CUID#47 - Download aborted. URI=https://d.pcs.baidu.com/file/b292e35164804734a4d9a27522ec3910?fid=2419679574-250528-1103252882688518&dstime=1560652497&rt=sh&sign=FDtAERVY-DCb740ccc5511e5e8fedcff06b081203-XGZO9FwP13mozemIysC2nvDbZNc%3D&expires=8h&chkv=1&chkbd=0&chkpc=et&dp-logid=3860235441593776785&dp-callid=0&shareid=17929594&r=193576943
Exception: [AbstractCommand.cc:350] errorCode=5 URI=http://qdct01.baidupcs.com/file/b292e35164804734a4d9a27522ec3910?bkt=en-d3a65691252603d394a84f7837720a8619c60e81bec2643e22207daef2a780174d5775e488b16f93&fid=2419679574-250528-1103252882688518&time=1560652551&sign=FDTAXGERLQBHSKfW-DCb740ccc5511e5e8fedcff06b081203-YpTudnHDhF8INYgDjeU23JuZ0EY%3D&to=32&size=4395252&sta_dx=4395252&sta_cs=3&sta_ft=apk&sta_ct=7&sta_mt=7&fm2=MH%2CYangquan%2CAnywhere%2C%2Cbeijing%2Cct&ctime=1407900079&mtime=1424138785&resv0=cdnback&resv1=0&vuk=504130721&iv=0&htype=&newver=1&newfm=1&secfm=1&flow_ver=3&pkey=en-98044f3c7a0f9e72dfecff98cf891f45a9062c571687c955e60b4e6aa6701226bfe94cd60c9b1b1f&sl=81068110&expires=8h&rt=sh&r=193576943&vbdid=-&fin=%E5%AE%89%E5%8D%93%E7%97%85%E6%AF%92%E5%90%88%E9%9B%86.apk&rtype=1&dp-logid=3860235441593776785&dp-callid=0.1&tsl=10&csl=76&csign=b0DCqqyxXIIpRAdaUMInmCxEAkI%3D&so=1&ut=6&uter=-1&serv=0&uc=2923846618&ti=37cfb58296b21ea9855cd67da38ac48fcfe169b3ea9ede71&by=themis
  -> [DownloadCommand.cc:302] errorCode=5 Too slow Downloading speed: 4792 <= 10240(B/s), host:qdct01.baidupcs.com
2019-06-16 10:51:54.750667 [ERROR] [AbstractCommand.cc:350] CUID#32 - Download aborted. URI=https://d.pcs.baidu.com/file/b292e35164804734a4d9a27522ec3910?fid=2419679574-250528-1103252882688518&dstime=1560652497&rt=sh&sign=FDtAERVY-DCb740ccc5511e5e8fedcff06b081203-XGZO9FwP13mozemIysC2nvDbZNc%3D&expires=8h&chkv=1&chkbd=0&chkpc=et&dp-logid=3860235441593776785&dp-callid=0&shareid=17929594&r=193576943
Exception: [AbstractCommand.cc:350] errorCode=5 URI=http://qdct01.baidupcs.com/file/b292e35164804734a4d9a27522ec3910?bkt=en-d3a65691252603d394a84f7837720a8619c60e81bec2643e22207daef2a780174d5775e488b16f93&fid=2419679574-250528-1103252882688518&time=1560653508&sign=FDTAXGERLQBHSKfW-DCb740ccc5511e5e8fedcff06b081203-tXR9avCYdzC%2BxNAU%2FlZPK0lcySQ%3D&to=32&size=4395252&sta_dx=4395252&sta_cs=3&sta_ft=apk&sta_ct=7&sta_mt=7&fm2=MH%2CYangquan%2CAnywhere%2C%2Cbeijing%2Cct&ctime=1407900079&mtime=1424138785&resv0=cdnback&resv1=0&vuk=504130721&iv=0&htype=&newver=1&newfm=1&secfm=1&flow_ver=3&pkey=en-98044f3c7a0f9e72dfecff98cf891f45a9062c571687c955e60b4e6aa6701226bfe94cd60c9b1b1f&sl=81068110&expires=8h&rt=sh&r=193576943&vbdid=-&fin=%E5%AE%89%E5%8D%93%E7%97%85%E6%AF%92%E5%90%88%E9%9B%86.apk&rtype=1&dp-logid=3860235441593776785&dp-callid=0.1&tsl=10&csl=76&csign=b0DCqqyxXIIpRAdaUMInmCxEAkI%3D&so=1&ut=6&uter=-1&serv=0&uc=2923846618&ti=26fa64dbec2882244ea22a276e0d1ca7e4dcf9fedc003150305a5e1275657320&by=themis
  -> [DownloadCommand.cc:302] errorCode=5 Too slow Downloading speed: 3160 <= 10240(B/s), host:qdct01.baidupcs.com
2019-06-16 10:51:55.060072 [ERROR] [AbstractCommand.cc:350] CUID#33 - Download aborted. URI=https://d.pcs.baidu.com/file/b292e35164804734a4d9a27522ec3910?fid=2419679574-250528-1103252882688518&dstime=1560652497&rt=sh&sign=FDtAERVY-DCb740ccc5511e5e8fedcff06b081203-XGZO9FwP13mozemIysC2nvDbZNc%3D&expires=8h&chkv=1&chkbd=0&chkpc=et&dp-logid=3860235441593776785&dp-callid=0&shareid=17929594&r=193576943
Exception: [AbstractCommand.cc:350] errorCode=5 URI=http://qdct01.baidupcs.com/file/b292e35164804734a4d9a27522ec3910?bkt=en-d3a65691252603d394a84f7837720a8619c60e81bec2643e22207daef2a780174d5775e488b16f93&fid=2419679574-250528-1103252882688518&time=1560653508&sign=FDTAXGERLQBHSKfW-DCb740ccc5511e5e8fedcff06b081203-tXR9avCYdzC%2BxNAU%2FlZPK0lcySQ%3D&to=32&size=4395252&sta_dx=4395252&sta_cs=3&sta_ft=apk&sta_ct=7&sta_mt=7&fm2=MH%2CYangquan%2CAnywhere%2C%2Cbeijing%2Cct&ctime=1407900079&mtime=1424138785&resv0=cdnback&resv1=0&vuk=504130721&iv=0&htype=&newver=1&newfm=1&secfm=1&flow_ver=3&pkey=en-98044f3c7a0f9e72dfecff98cf891f45a9062c571687c955e60b4e6aa6701226bfe94cd60c9b1b1f&sl=81068110&expires=8h&rt=sh&r=193576943&vbdid=-&fin=%E5%AE%89%E5%8D%93%E7%97%85%E6%AF%92%E5%90%88%E9%9B%86.apk&rtype=1&dp-logid=3860235441593776785&dp-callid=0.1&tsl=10&csl=76&csign=b0DCqqyxXIIpRAdaUMInmCxEAkI%3D&so=1&ut=6&uter=-1&serv=0&uc=2923846618&ti=76168191086d6f29e1f92711de74c9f6d1c51f7c37c1bc8c&by=themis
  -> [DownloadCommand.cc:302] errorCode=5 Too slow Downloading speed: 4772 <= 10240(B/s), host:qdct01.baidupcs.com
2019-06-16 10:51:59.561370 [ERROR] [AbstractCommand.cc:350] CUID#31 - Download aborted. URI=https://d.pcs.baidu.com/file/b292e35164804734a4d9a27522ec3910?fid=2419679574-250528-1103252882688518&dstime=1560652497&rt=sh&sign=FDtAERVY-DCb740ccc5511e5e8fedcff06b081203-XGZO9FwP13mozemIysC2nvDbZNc%3D&expires=8h&chkv=1&chkbd=0&chkpc=et&dp-logid=3860235441593776785&dp-callid=0&shareid=17929594&r=193576943
Exception: [AbstractCommand.cc:350] errorCode=5 URI=http://qdct01.baidupcs.com/file/b292e35164804734a4d9a27522ec3910?bkt=en-d3a65691252603d394a84f7837720a8619c60e81bec2643e22207daef2a780174d5775e488b16f93&fid=2419679574-250528-1103252882688518&time=1560653507&sign=FDTAXGERLQBHSKfW-DCb740ccc5511e5e8fedcff06b081203-2GCW1NAXOzltY%2BANiNJ%2FAvp6MzU%3D&to=32&size=4395252&sta_dx=4395252&sta_cs=3&sta_ft=apk&sta_ct=7&sta_mt=7&fm2=MH%2CYangquan%2CAnywhere%2C%2Cbeijing%2Cct&ctime=1407900079&mtime=1424138785&resv0=cdnback&resv1=0&vuk=504130721&iv=0&htype=&newver=1&newfm=1&secfm=1&flow_ver=3&pkey=en-98044f3c7a0f9e72dfecff98cf891f45a9062c571687c955e60b4e6aa6701226bfe94cd60c9b1b1f&sl=81068110&expires=8h&rt=sh&r=193576943&vbdid=-&fin=%E5%AE%89%E5%8D%93%E7%97%85%E6%AF%92%E5%90%88%E9%9B%86.apk&rtype=1&dp-logid=3860235441593776785&dp-callid=0.1&tsl=10&csl=76&csign=b0DCqqyxXIIpRAdaUMInmCxEAkI%3D&so=1&ut=6&uter=-1&serv=0&uc=2923846618&ti=9cf67ec2c4eb6cc0deb07cd34bbc45a23b172ad5dd0fddc0&by=themis
  -> [DownloadCommand.cc:302] errorCode=5 Too slow Downloading speed: 10088 <= 10240(B/s), host:qdct01.baidupcs.com
2019-06-16 12:02:33.598921 [ERROR] [AbstractCommand.cc:350] CUID#30 - Download aborted. URI=https://d.pcs.baidu.com/file/b292e35164804734a4d9a27522ec3910?fid=2419679574-250528-1103252882688518&dstime=1560652497&rt=sh&sign=FDtAERVY-DCb740ccc5511e5e8fedcff06b081203-XGZO9FwP13mozemIysC2nvDbZNc%3D&expires=8h&chkv=1&chkbd=0&chkpc=et&dp-logid=3860235441593776785&dp-callid=0&shareid=17929594&r=193576943
Exception: [AbstractCommand.cc:350] errorCode=5 URI=http://qdct01.baidupcs.com/file/b292e35164804734a4d9a27522ec3910?bkt=en-d3a65691252603d394a84f7837720a8619c60e81bec2643e22207daef2a780174d5775e488b16f93&fid=2419679574-250528-1103252882688518&time=1560657746&sign=FDTAXGERLQBHSKfW-DCb740ccc5511e5e8fedcff06b081203-6HVefuCOv5xuAw8wDTIYVIxa25M%3D&to=32&size=4395252&sta_dx=4395252&sta_cs=4&sta_ft=apk&sta_ct=7&sta_mt=7&fm2=MH%2CYangquan%2CAnywhere%2C%2Cbeijing%2Cct&ctime=1407900079&mtime=1424138785&resv0=cdnback&resv1=0&vuk=504130721&iv=0&htype=&newver=1&newfm=1&secfm=1&flow_ver=3&pkey=en-98044f3c7a0f9e72dfecff98cf891f45a9062c571687c955e60b4e6aa6701226bfe94cd60c9b1b1f&sl=81068110&expires=8h&rt=sh&r=193576943&vbdid=-&fin=%E5%AE%89%E5%8D%93%E7%97%85%E6%AF%92%E5%90%88%E9%9B%86.apk&rtype=1&dp-logid=3860235441593776785&dp-callid=0.1&tsl=10&csl=76&csign=b0DCqqyxXIIpRAdaUMInmCxEAkI%3D&so=1&ut=6&uter=-1&serv=0&uc=2923846618&ti=648eaef5c3fa81d1ee3eb8593c44ecb86f45f2c0c22247e2&by=themis
  -> [DownloadCommand.cc:302] errorCode=5 Too slow Downloading speed: 6115 <= 10240(B/s), host:qdct01.baidupcs.com
2019-06-16 12:02:59.414734 [ERROR] [AbstractCommand.cc:398] CUID#44 - Download aborted. URI=https://d.pcs.baidu.com/file/79afd42776f47520f05904c8aea17c2e?fid=2066570815-250528-495611443203898&dstime=1560657782&rt=sh&sign=FDtAERVY-DCb740ccc5511e5e8fedcff06b081203-h1yOKBbhs9iB%2BzeZMtx%2Fn%2B%2FUIX8%3D&expires=8h&chkv=1&chkbd=0&chkpc=et&dp-logid=3861654025202704489&dp-callid=0&shareid=1450259413&r=960600230
Exception: [AbstractCommand.cc:398] errorCode=1 URI=http://qdct01.baidupcs.com/file/79afd42776f47520f05904c8aea17c2e?bkt=en-3f603aaf96443402f6f09780ea4d38f0e8928afb4da82af7c097b7d65fddaee514da579d967ca93323d322161d4a65e95a0c040faab8e9cac9014cd56164da15&fid=2066570815-250528-495611443203898&time=1560657783&sign=FDTAXGERLQBHSKfW-DCb740ccc5511e5e8fedcff06b081203-1%2B8%2FiD1R%2BVUhrMES5n8BMCM2XYQ%3D&to=32&size=59917&sta_dx=59917&sta_cs=0&sta_ft=apk&sta_ct=7&sta_mt=7&fm2=MH%2CYangquan%2CAnywhere%2C%2Cbeijing%2Cct&ctime=1426115221&mtime=1461490304&resv0=cdnback&resv1=0&vuk=504130721&iv=0&htype=&newver=1&newfm=1&secfm=1&flow_ver=3&pkey=en-d793b0225d425eea29a589ecc812bfc31d40b1c98b355bd1eb944fd18e1fd89e2531ca4fae7533899d299527e9f79c08444f3c86e92c2194305a5e1275657320&sl=81068110&expires=8h&rt=sh&r=960600230&vbdid=-&fin=%E8%BF%9D%E7%AB%A0%E6%8B%A6%E6%88%AA%E9%A9%AC.apk&rtype=1&dp-logid=3861654025202704489&dp-callid=0.1&tsl=10&csl=76&csign=b0DCqqyxXIIpRAdaUMInmCxEAkI%3D&so=1&ut=6&uter=-1&serv=0&uc=2923846618&ti=78cccb630bb0656e470b758cffd7299b73c81396b1e701db&by=themis
  -> [RequestGroup.cc:714] errorCode=1 Download aborted.
  -> [DefaultBtProgressInfoFile.cc:277] errorCode=1 total length mismatch. expected: 59917, actual: 4395252
2019-06-16 12:03:08.580317 [ERROR] [AbstractCommand.cc:350] CUID#35 - Download aborted. URI=https://d.pcs.baidu.com/file/b292e35164804734a4d9a27522ec3910?fid=2419679574-250528-1103252882688518&dstime=1560652497&rt=sh&sign=FDtAERVY-DCb740ccc5511e5e8fedcff06b081203-XGZO9FwP13mozemIysC2nvDbZNc%3D&expires=8h&chkv=1&chkbd=0&chkpc=et&dp-logid=3860235441593776785&dp-callid=0&shareid=17929594&r=193576943
Exception: [AbstractCommand.cc:350] errorCode=5 URI=http://qdct01.baidupcs.com/file/b292e35164804734a4d9a27522ec3910?bkt=en-d3a65691252603d394a84f7837720a8619c60e81bec2643e22207daef2a780174d5775e488b16f93&fid=2419679574-250528-1103252882688518&time=1560657772&sign=FDTAXGERLQBHSKfW-DCb740ccc5511e5e8fedcff06b081203-7R%2Fx2%2FbUUgOajirDZfIWbMXqjJM%3D&to=32&size=4395252&sta_dx=4395252&sta_cs=4&sta_ft=apk&sta_ct=7&sta_mt=7&fm2=MH%2CYangquan%2CAnywhere%2C%2Cbeijing%2Cct&ctime=1407900079&mtime=1424138785&resv0=cdnback&resv1=0&vuk=504130721&iv=0&htype=&newver=1&newfm=1&secfm=1&flow_ver=3&pkey=en-98044f3c7a0f9e72dfecff98cf891f45a9062c571687c955e60b4e6aa6701226bfe94cd60c9b1b1f&sl=81068110&expires=8h&rt=sh&r=193576943&vbdid=-&fin=%E5%AE%89%E5%8D%93%E7%97%85%E6%AF%92%E5%90%88%E9%9B%86.apk&rtype=1&dp-logid=3860235441593776785&dp-callid=0.1&tsl=10&csl=76&csign=b0DCqqyxXIIpRAdaUMInmCxEAkI%3D&so=1&ut=6&uter=-1&serv=0&uc=2923846618&ti=273bc8e9effab1ba9d7ea68762b8e11aa74886400cdd23db&by=themis
  -> [DownloadCommand.cc:302] errorCode=5 Too slow Downloading speed: 9561 <= 10240(B/s), host:qdct01.baidupcs.com
2019-06-16 12:03:14.716922 [ERROR] [AbstractCommand.cc:350] CUID#34 - Download aborted. URI=https://d.pcs.baidu.com/file/b292e35164804734a4d9a27522ec3910?fid=2419679574-250528-1103252882688518&dstime=1560652497&rt=sh&sign=FDtAERVY-DCb740ccc5511e5e8fedcff06b081203-XGZO9FwP13mozemIysC2nvDbZNc%3D&expires=8h&chkv=1&chkbd=0&chkpc=et&dp-logid=3860235441593776785&dp-callid=0&shareid=17929594&r=193576943
Exception: [AbstractCommand.cc:350] errorCode=5 URI=http://qdct01.baidupcs.com/file/b292e35164804734a4d9a27522ec3910?bkt=en-d3a65691252603d394a84f7837720a8619c60e81bec2643e22207daef2a780174d5775e488b16f93&fid=2419679574-250528-1103252882688518&time=1560657771&sign=FDTAXGERLQBHSKfW-DCb740ccc5511e5e8fedcff06b081203-RFMj1A4Tj%2F6cIqrVxxvweTCtcpU%3D&to=32&size=4395252&sta_dx=4395252&sta_cs=4&sta_ft=apk&sta_ct=7&sta_mt=7&fm2=MH%2CYangquan%2CAnywhere%2C%2Cbeijing%2Cct&ctime=1407900079&mtime=1424138785&resv0=cdnback&resv1=0&vuk=504130721&iv=0&htype=&newver=1&newfm=1&secfm=1&flow_ver=3&pkey=en-98044f3c7a0f9e72dfecff98cf891f45a9062c571687c955e60b4e6aa6701226bfe94cd60c9b1b1f&sl=81068110&expires=8h&rt=sh&r=193576943&vbdid=-&fin=%E5%AE%89%E5%8D%93%E7%97%85%E6%AF%92%E5%90%88%E9%9B%86.apk&rtype=1&dp-logid=3860235441593776785&dp-callid=0.1&tsl=10&csl=76&csign=b0DCqqyxXIIpRAdaUMInmCxEAkI%3D&so=1&ut=6&uter=-1&serv=0&uc=2923846618&ti=26fa64dbec28822431ed9a1df42de1b5c1bb4f0a78651f84305a5e1275657320&by=themis
  -> [DownloadCommand.cc:302] errorCode=5 Too slow Downloading speed: 10232 <= 10240(B/s), host:qdct01.baidupcs.com
2019-07-16 09:43:30.843783 [ERROR] [AbstractCommand.cc:350] CUID#29 - Download aborted. URI=https://d.pcs.baidu.com/file/b292e35164804734a4d9a27522ec3910?fid=2419679574-250528-1103252882688518&dstime=1560652497&rt=sh&sign=FDtAERVY-DCb740ccc5511e5e8fedcff06b081203-XGZO9FwP13mozemIysC2nvDbZNc%3D&expires=8h&chkv=1&chkbd=0&chkpc=et&dp-logid=3860235441593776785&dp-callid=0&shareid=17929594&r=193576943
Exception: [AbstractCommand.cc:350] errorCode=3 URI=https://d.pcs.baidu.com/file/b292e35164804734a4d9a27522ec3910?fid=2419679574-250528-1103252882688518&dstime=1560652497&rt=sh&sign=FDtAERVY-DCb740ccc5511e5e8fedcff06b081203-XGZO9FwP13mozemIysC2nvDbZNc%3D&expires=8h&chkv=1&chkbd=0&chkpc=et&dp-logid=3860235441593776785&dp-callid=0&shareid=17929594&r=193576943
  -> [HttpSkipResponseCommand.cc:215] errorCode=3 Resource not found
2019-08-28 16:33:59.581863 [ERROR] [AbstractCommand.cc:350] CUID#11 - Download aborted. URI=https://d.pcs.baidu.com/file/42d1f2aee264ac7044d0851290c9b889?fid=2405157109-250528-74789102895525&dstime=1563241420&rt=sh&sign=FDtAERVY-DCb740ccc5511e5e8fedcff06b081203-HVZu2wVpjFgkzvtqQVmvB7mAxhk%3D&expires=8h&chkv=1&chkbd=0&chkpc=et&dp-logid=4555195787389087035&dp-callid=0&shareid=399221896&r=687288533
Exception: [AbstractCommand.cc:350] errorCode=22 URI=https://d.pcs.baidu.com/file/42d1f2aee264ac7044d0851290c9b889?fid=2405157109-250528-74789102895525&dstime=1563241420&rt=sh&sign=FDtAERVY-DCb740ccc5511e5e8fedcff06b081203-HVZu2wVpjFgkzvtqQVmvB7mAxhk%3D&expires=8h&chkv=1&chkbd=0&chkpc=et&dp-logid=4555195787389087035&dp-callid=0&shareid=399221896&r=687288533
  -> [HttpSkipResponseCommand.cc:228] errorCode=22 The response status is not successful. status=403
2019-08-28 16:33:59.637715 [ERROR] [AbstractCommand.cc:350] CUID#13 - Download aborted. URI=https://d.pcs.baidu.com/file/d45a74a5dbe0fe57c5f2d84f55c3f695?fid=2405157109-250528-223673627881904&dstime=1563241420&rt=sh&sign=FDtAERVY-DCb740ccc5511e5e8fedcff06b081203-6Py%2FFV2UjPPG67XxwSE7bHUb7xM%3D&expires=8h&chkv=1&chkbd=0&chkpc=et&dp-logid=4555195787389087035&dp-callid=0&shareid=399221896&r=211351866
Exception: [AbstractCommand.cc:350] errorCode=22 URI=https://d.pcs.baidu.com/file/d45a74a5dbe0fe57c5f2d84f55c3f695?fid=2405157109-250528-223673627881904&dstime=1563241420&rt=sh&sign=FDtAERVY-DCb740ccc5511e5e8fedcff06b081203-6Py%2FFV2UjPPG67XxwSE7bHUb7xM%3D&expires=8h&chkv=1&chkbd=0&chkpc=et&dp-logid=4555195787389087035&dp-callid=0&shareid=399221896&r=211351866
  -> [HttpSkipResponseCommand.cc:228] errorCode=22 The response status is not successful. status=403
2019-08-28 16:33:59.660653 [ERROR] [AbstractCommand.cc:350] CUID#9 - Download aborted. URI=https://d.pcs.baidu.com/file/b292e35164804734a4d9a27522ec3910?fid=2419679574-250528-1103252882688518&dstime=1560652497&rt=sh&sign=FDtAERVY-DCb740ccc5511e5e8fedcff06b081203-XGZO9FwP13mozemIysC2nvDbZNc%3D&expires=8h&chkv=1&chkbd=0&chkpc=et&dp-logid=3860235441593776785&dp-callid=0&shareid=17929594&r=193576943
Exception: [AbstractCommand.cc:350] errorCode=3 URI=https://d.pcs.baidu.com/file/b292e35164804734a4d9a27522ec3910?fid=2419679574-250528-1103252882688518&dstime=1560652497&rt=sh&sign=FDtAERVY-DCb740ccc5511e5e8fedcff06b081203-XGZO9FwP13mozemIysC2nvDbZNc%3D&expires=8h&chkv=1&chkbd=0&chkpc=et&dp-logid=3860235441593776785&dp-callid=0&shareid=17929594&r=193576943
  -> [HttpSkipResponseCommand.cc:215] errorCode=3 Resource not found
2019-08-28 16:33:59.672622 [ERROR] [AbstractCommand.cc:350] CUID#12 - Download aborted. URI=https://d.pcs.baidu.com/file/592f404845461f0adf1a6e438ebab22d?fid=2405157109-250528-14202955668150&dstime=1563241420&rt=sh&sign=FDtAERVY-DCb740ccc5511e5e8fedcff06b081203-l19tKhebR4xEY6s6HRW2E0iadBM%3D&expires=8h&chkv=1&chkbd=0&chkpc=et&dp-logid=4555195787389087035&dp-callid=0&shareid=399221896&r=728922203
Exception: [AbstractCommand.cc:350] errorCode=22 URI=https://d.pcs.baidu.com/file/592f404845461f0adf1a6e438ebab22d?fid=2405157109-250528-14202955668150&dstime=1563241420&rt=sh&sign=FDtAERVY-DCb740ccc5511e5e8fedcff06b081203-l19tKhebR4xEY6s6HRW2E0iadBM%3D&expires=8h&chkv=1&chkbd=0&chkpc=et&dp-logid=4555195787389087035&dp-callid=0&shareid=399221896&r=728922203
  -> [HttpSkipResponseCommand.cc:228] errorCode=22 The response status is not successful. status=403
2019-08-28 16:33:59.806265 [ERROR] [AbstractCommand.cc:350] CUID#15 - Download aborted. URI=https://d.pcs.baidu.com/file/79bc2a87b11b7e35c7faeb910e01edfb?fid=2405157109-250528-377827401081141&dstime=1563241420&rt=sh&sign=FDtAERVY-DCb740ccc5511e5e8fedcff06b081203-WjL1kJOt8YcQVa9FrT11Q8K9ocY%3D&expires=8h&chkv=1&chkbd=0&chkpc=et&dp-logid=4555195787389087035&dp-callid=0&shareid=399221896&r=408995595
Exception: [AbstractCommand.cc:350] errorCode=22 URI=https://d.pcs.baidu.com/file/79bc2a87b11b7e35c7faeb910e01edfb?fid=2405157109-250528-377827401081141&dstime=1563241420&rt=sh&sign=FDtAERVY-DCb740ccc5511e5e8fedcff06b081203-WjL1kJOt8YcQVa9FrT11Q8K9ocY%3D&expires=8h&chkv=1&chkbd=0&chkpc=et&dp-logid=4555195787389087035&dp-callid=0&shareid=399221896&r=408995595
  -> [HttpSkipResponseCommand.cc:228] errorCode=22 The response status is not successful. status=403
2019-08-28 16:33:59.811262 [ERROR] [AbstractCommand.cc:350] CUID#14 - Download aborted. URI=https://d.pcs.baidu.com/file/eaadf1458dc82149000453e236668c1c?fid=2405157109-250528-183324905632339&dstime=1563241420&rt=sh&sign=FDtAERVY-DCb740ccc5511e5e8fedcff06b081203-gzhcskcYfjtR6D4ZOchKlCpsfHg%3D&expires=8h&chkv=1&chkbd=0&chkpc=et&dp-logid=4555195787389087035&dp-callid=0&shareid=399221896&r=799644297
Exception: [AbstractCommand.cc:350] errorCode=22 URI=https://d.pcs.baidu.com/file/eaadf1458dc82149000453e236668c1c?fid=2405157109-250528-183324905632339&dstime=1563241420&rt=sh&sign=FDtAERVY-DCb740ccc5511e5e8fedcff06b081203-gzhcskcYfjtR6D4ZOchKlCpsfHg%3D&expires=8h&chkv=1&chkbd=0&chkpc=et&dp-logid=4555195787389087035&dp-callid=0&shareid=399221896&r=799644297
  -> [HttpSkipResponseCommand.cc:228] errorCode=22 The response status is not successful. status=403
2019-08-28 16:33:59.837182 [ERROR] [AbstractCommand.cc:350] CUID#17 - Download aborted. URI=https://d.pcs.baidu.com/file/fc615af6f9511293245a11b8039101ba?fid=2405157109-250528-501900543403640&dstime=1563241420&rt=sh&sign=FDtAERVY-DCb740ccc5511e5e8fedcff06b081203-ikj5oEFjeAJ1QYtnANTj6A1jzSo%3D&expires=8h&chkv=1&chkbd=0&chkpc=et&dp-logid=4555195787389087035&dp-callid=0&shareid=399221896&r=671742707
Exception: [AbstractCommand.cc:350] errorCode=22 URI=https://d.pcs.baidu.com/file/fc615af6f9511293245a11b8039101ba?fid=2405157109-250528-501900543403640&dstime=1563241420&rt=sh&sign=FDtAERVY-DCb740ccc5511e5e8fedcff06b081203-ikj5oEFjeAJ1QYtnANTj6A1jzSo%3D&expires=8h&chkv=1&chkbd=0&chkpc=et&dp-logid=4555195787389087035&dp-callid=0&shareid=399221896&r=671742707
  -> [HttpSkipResponseCommand.cc:228] errorCode=22 The response status is not successful. status=403
2019-08-28 16:33:59.864109 [ERROR] [AbstractCommand.cc:350] CUID#16 - Download aborted. URI=https://d.pcs.baidu.com/file/0d5693033c0d0b3dce15b5631f3976ed?fid=2405157109-250528-391783956937188&dstime=1563241420&rt=sh&sign=FDtAERVY-DCb740ccc5511e5e8fedcff06b081203-sFKB1o0GTbktKZcYulMWc7n2yH8%3D&expires=8h&chkv=1&chkbd=0&chkpc=et&dp-logid=4555195787389087035&dp-callid=0&shareid=399221896&r=647107945
Exception: [AbstractCommand.cc:350] errorCode=22 URI=https://d.pcs.baidu.com/file/0d5693033c0d0b3dce15b5631f3976ed?fid=2405157109-250528-391783956937188&dstime=1563241420&rt=sh&sign=FDtAERVY-DCb740ccc5511e5e8fedcff06b081203-sFKB1o0GTbktKZcYulMWc7n2yH8%3D&expires=8h&chkv=1&chkbd=0&chkpc=et&dp-logid=4555195787389087035&dp-callid=0&shareid=399221896&r=647107945
  -> [HttpSkipResponseCommand.cc:228] errorCode=22 The response status is not successful. status=403
2019-08-28 16:33:59.959856 [ERROR] [AbstractCommand.cc:350] CUID#19 - Download aborted. URI=https://d.pcs.baidu.com/file/075d40bfdf5085838fa7607f8112a9ec?fid=2405157109-250528-759061852283254&dstime=1563241420&rt=sh&sign=FDtAERVY-DCb740ccc5511e5e8fedcff06b081203-ALZHk05U97T0%2FQ4hUQpDSfotT1Y%3D&expires=8h&chkv=1&chkbd=0&chkpc=et&dp-logid=4555195787389087035&dp-callid=0&shareid=399221896&r=489144864
Exception: [AbstractCommand.cc:350] errorCode=22 URI=https://d.pcs.baidu.com/file/075d40bfdf5085838fa7607f8112a9ec?fid=2405157109-250528-759061852283254&dstime=1563241420&rt=sh&sign=FDtAERVY-DCb740ccc5511e5e8fedcff06b081203-ALZHk05U97T0%2FQ4hUQpDSfotT1Y%3D&expires=8h&chkv=1&chkbd=0&chkpc=et&dp-logid=4555195787389087035&dp-callid=0&shareid=399221896&r=489144864
  -> [HttpSkipResponseCommand.cc:228] errorCode=22 The response status is not successful. status=403
2019-08-28 16:33:59.964841 [ERROR] [DHTSetup.cc:107] Exception caught while loading DHT routing table from C:/Users/10167/.aria2/dht.dat
Exception: [DHTRoutingTableDeserializer.cc:83] errorCode=1 Failed to load DHT routing table from C:/Users/10167/.aria2/dht.dat
2019-08-28 16:33:59.982800 [ERROR] [AbstractCommand.cc:350] CUID#18 - Download aborted. URI=https://d.pcs.baidu.com/file/acf27dc9659eeee9d0e55c6ea7f754a1?fid=2405157109-250528-663699618666681&dstime=1563241420&rt=sh&sign=FDtAERVY-DCb740ccc5511e5e8fedcff06b081203-4SH%2BJODQpqJ6PEHVIeJJv4mZHSw%3D&expires=8h&chkv=1&chkbd=0&chkpc=et&dp-logid=4555195787389087035&dp-callid=0&shareid=399221896&r=242434427
Exception: [AbstractCommand.cc:350] errorCode=22 URI=https://d.pcs.baidu.com/file/acf27dc9659eeee9d0e55c6ea7f754a1?fid=2405157109-250528-663699618666681&dstime=1563241420&rt=sh&sign=FDtAERVY-DCb740ccc5511e5e8fedcff06b081203-4SH%2BJODQpqJ6PEHVIeJJv4mZHSw%3D&expires=8h&chkv=1&chkbd=0&chkpc=et&dp-logid=4555195787389087035&dp-callid=0&shareid=399221896&r=242434427
  -> [HttpSkipResponseCommand.cc:228] errorCode=22 The response status is not successful. status=403
2019-08-28 16:34:00.020700 [ERROR] [AbstractCommand.cc:350] CUID#21 - Download aborted. URI=https://d.pcs.baidu.com/file/2f8dfc7f9ce11c1169079b8f763b1486?fid=2405157109-250528-877485097308119&dstime=1563241420&rt=sh&sign=FDtAERVY-DCb740ccc5511e5e8fedcff06b081203-T%2Fp19t7NWoMcRxYHCeGobK86iXU%3D&expires=8h&chkv=1&chkbd=0&chkpc=et&dp-logid=4555195787389087035&dp-callid=0&shareid=399221896&r=623981639
Exception: [AbstractCommand.cc:350] errorCode=22 URI=https://d.pcs.baidu.com/file/2f8dfc7f9ce11c1169079b8f763b1486?fid=2405157109-250528-877485097308119&dstime=1563241420&rt=sh&sign=FDtAERVY-DCb740ccc5511e5e8fedcff06b081203-T%2Fp19t7NWoMcRxYHCeGobK86iXU%3D&expires=8h&chkv=1&chkbd=0&chkpc=et&dp-logid=4555195787389087035&dp-callid=0&shareid=399221896&r=623981639
  -> [HttpSkipResponseCommand.cc:228] errorCode=22 The response status is not successful. status=403
2019-08-28 16:34:00.029676 [ERROR] [AbstractCommand.cc:350] CUID#22 - Download aborted. URI=https://d.pcs.baidu.com/file/8843b6e90dbdbf60fc6f79f2294830f7?fid=2405157109-250528-929562309593955&dstime=1563241420&rt=sh&sign=FDtAERVY-DCb740ccc5511e5e8fedcff06b081203-Dqja59m8kcQmJzB%2BGtgF%2Fin60XE%3D&expires=8h&chkv=1&chkbd=0&chkpc=et&dp-logid=4555195787389087035&dp-callid=0&shareid=399221896&r=896261017
Exception: [AbstractCommand.cc:350] errorCode=22 URI=https://d.pcs.baidu.com/file/8843b6e90dbdbf60fc6f79f2294830f7?fid=2405157109-250528-929562309593955&dstime=1563241420&rt=sh&sign=FDtAERVY-DCb740ccc5511e5e8fedcff06b081203-Dqja59m8kcQmJzB%2BGtgF%2Fin60XE%3D&expires=8h&chkv=1&chkbd=0&chkpc=et&dp-logid=4555195787389087035&dp-callid=0&shareid=399221896&r=896261017
  -> [HttpSkipResponseCommand.cc:228] errorCode=22 The response status is not successful. status=403
2019-08-28 16:34:00.067574 [ERROR] [AbstractCommand.cc:350] CUID#20 - Download aborted. URI=https://d.pcs.baidu.com/file/d75dbf9af7a74b705b008c12e031c05f?fid=2405157109-250528-410296235626781&dstime=1563241420&rt=sh&sign=FDtAERVY-DCb740ccc5511e5e8fedcff06b081203-1%2BOAh%2BwrB2%2FPrcK%2BTlgWiy3Ckt8%3D&expires=8h&chkv=1&chkbd=0&chkpc=et&dp-logid=4555195787389087035&dp-callid=0&shareid=399221896&r=747082021
Exception: [AbstractCommand.cc:350] errorCode=22 URI=https://d.pcs.baidu.com/file/d75dbf9af7a74b705b008c12e031c05f?fid=2405157109-250528-410296235626781&dstime=1563241420&rt=sh&sign=FDtAERVY-DCb740ccc5511e5e8fedcff06b081203-1%2BOAh%2BwrB2%2FPrcK%2BTlgWiy3Ckt8%3D&expires=8h&chkv=1&chkbd=0&chkpc=et&dp-logid=4555195787389087035&dp-callid=0&shareid=399221896&r=747082021
  -> [HttpSkipResponseCommand.cc:228] errorCode=22 The response status is not successful. status=403
2020-04-05 19:19:02.509521 [ERROR] [DHTSetup.cc:107] Exception caught while loading DHT routing table from C:/Users/10167/.aria2/dht.dat
Exception: [DHTRoutingTableDeserializer.cc:83] errorCode=1 Failed to load DHT routing table from C:/Users/10167/.aria2/dht.dat
2020-04-05 19:19:22.734049 [ERROR] [AbstractCommand.cc:350] CUID#34 - Download aborted. URI=https://d.pcs.baidu.com/file/04ed48713276245fe929aba3e2002c12?fid=2171265199-250528-449934882274937&dstime=1586081962&rt=sh&sign=FDtAERVY-DCb740ccc5511e5e8fedcff06b081203-f7q5xNM8WnoG2SIoI1FBVZZvZoM%3D&expires=1h&chkv=1&chkbd=0&chkpc=et&dp-logid=9139520519495856562&dp-callid=0&shareid=3510802462&r=924227022
Exception: [AbstractCommand.cc:350] errorCode=22 URI=https://d.pcs.baidu.com/file/04ed48713276245fe929aba3e2002c12?fid=2171265199-250528-449934882274937&dstime=1586081962&rt=sh&sign=FDtAERVY-DCb740ccc5511e5e8fedcff06b081203-f7q5xNM8WnoG2SIoI1FBVZZvZoM%3D&expires=1h&chkv=1&chkbd=0&chkpc=et&dp-logid=9139520519495856562&dp-callid=0&shareid=3510802462&r=924227022
  -> [HttpSkipResponseCommand.cc:228] errorCode=22 The response status is not successful. status=403
2020-04-05 19:24:56.287525 [ERROR] [AbstractCommand.cc:350] CUID#47 - Download aborted. URI=https://d.pcs.baidu.com/file/04ed48713276245fe929aba3e2002c12?fid=2171265199-250528-449934882274937&dstime=1586082296&rt=sh&sign=FDtAERVY-DCb740ccc5511e5e8fedcff06b081203-U17ZBYGzGYr6NVysawIbuUEsv2c%3D&expires=1h&chkv=1&chkbd=0&chkpc=et&dp-logid=9139609772966412151&dp-callid=0&shareid=3510802462&r=760448534
Exception: [AbstractCommand.cc:350] errorCode=22 URI=https://d.pcs.baidu.com/file/04ed48713276245fe929aba3e2002c12?fid=2171265199-250528-449934882274937&dstime=1586082296&rt=sh&sign=FDtAERVY-DCb740ccc5511e5e8fedcff06b081203-U17ZBYGzGYr6NVysawIbuUEsv2c%3D&expires=1h&chkv=1&chkbd=0&chkpc=et&dp-logid=9139609772966412151&dp-callid=0&shareid=3510802462&r=760448534
  -> [HttpSkipResponseCommand.cc:228] errorCode=22 The response status is not successful. status=403
2020-04-05 19:37:39.992095 [ERROR] [AbstractCommand.cc:350] CUID#56 - Download aborted. URI=https://d.pcs.baidu.com/file/04ed48713276245fe929aba3e2002c12?fid=2171265199-250528-449934882274937&dstime=1586083059&rt=sh&sign=FDtAERVY-DCb740ccc5511e5e8fedcff06b081203-qbSI4UAjhzZ8DhbyB8C4UFfM3cs%3D&expires=1h&chkv=1&chkbd=0&chkpc=et&dp-logid=9139815054494702526&dp-callid=0&shareid=3510802462&r=225090978
Exception: [AbstractCommand.cc:350] errorCode=22 URI=https://d.pcs.baidu.com/file/04ed48713276245fe929aba3e2002c12?fid=2171265199-250528-449934882274937&dstime=1586083059&rt=sh&sign=FDtAERVY-DCb740ccc5511e5e8fedcff06b081203-qbSI4UAjhzZ8DhbyB8C4UFfM3cs%3D&expires=1h&chkv=1&chkbd=0&chkpc=et&dp-logid=9139815054494702526&dp-callid=0&shareid=3510802462&r=225090978
  -> [HttpSkipResponseCommand.cc:228] errorCode=22 The response status is not successful. status=403
2020-04-05 19:38:05.302964 [ERROR] [AbstractCommand.cc:350] CUID#61 - Download aborted. URI=https://d.pcs.baidu.com/file/04ed48713276245fe929aba3e2002c12?fid=2171265199-250528-449934882274937&dstime=1586083059&rt=sh&sign=FDtAERVY-DCb740ccc5511e5e8fedcff06b081203-qbSI4UAjhzZ8DhbyB8C4UFfM3cs%3D&expires=1h&chkv=1&chkbd=0&chkpc=et&dp-logid=9139815054494702526&dp-callid=0&shareid=3510802462&r=225090978
Exception: [AbstractCommand.cc:350] errorCode=22 URI=https://d.pcs.baidu.com/file/04ed48713276245fe929aba3e2002c12?fid=2171265199-250528-449934882274937&dstime=1586083059&rt=sh&sign=FDtAERVY-DCb740ccc5511e5e8fedcff06b081203-qbSI4UAjhzZ8DhbyB8C4UFfM3cs%3D&expires=1h&chkv=1&chkbd=0&chkpc=et&dp-logid=9139815054494702526&dp-callid=0&shareid=3510802462&r=225090978
  -> [HttpSkipResponseCommand.cc:228] errorCode=22 The response status is not successful. status=403
